<?xml version="1.0" encoding="UTF-8"?>
<!-- Generated by org.testng.reporters.JUnitReportReporter -->
<testsuite hostname="Anusha" failures="0" tests="1" name="inventoryTests.AddLowestPriceProducttoCartTest" time="18.363" errors="0" timestamp="2025-04-18T08:34:45 IST" skipped="0">
  <testcase classname="inventoryTests.AddLowestPriceProducttoCartTest" name="addLowestPriceProductTest" time="18.363"/>
</testsuite> <!-- inventoryTests.AddLowestPriceProducttoCartTest -->
