<?xml version="1.0" encoding="UTF-8"?>
<!-- Generated by org.testng.reporters.JUnitReportReporter -->
<testsuite hostname="Anusha" failures="0" tests="1" name="inventoryTests.AddLowestPriceProducttoCartTest" time="14.325" errors="0" timestamp="2025-04-23T08:50:07 IST" skipped="0">
  <testcase classname="inventoryTests.AddLowestPriceProducttoCartTest" name="addLowestPriceProductTest" time="14.325"/>
</testsuite> <!-- inventoryTests.AddLowestPriceProducttoCartTest -->
