<?xml version="1.0" encoding="UTF-8"?>
<!-- Generated by org.testng.reporters.JUnitReportReporter -->
<testsuite hostname="Anusha" failures="0" tests="1" name="inventoryTests.MakeanOrderTest" time="17.649" errors="0" timestamp="2025-04-23T08:50:07 IST" skipped="0">
  <testcase classname="inventoryTests.MakeanOrderTest" name="tc_001_MakeanOrderTest" time="17.649"/>
</testsuite> <!-- inventoryTests.MakeanOrderTest -->
