<?xml version="1.0" encoding="UTF-8"?>
<!-- Generated by org.testng.reporters.JUnitReportReporter -->
<testsuite hostname="Anusha" failures="0" tests="1" name="practice.TestNGPractice" time="0.013" errors="0" timestamp="2025-04-03T08:23:27 IST" skipped="0">
  <testcase classname="practice.TestNGPractice" name="practice" time="0.013"/>
</testsuite> <!-- practice.TestNGPractice -->
